
sourcing "nvim_exec2()"
finished sourcing nvim_exec2()
sourcing "/usr/share/nvim/runtime/ftplugin.vim"
finished sourcing /usr/share/nvim/runtime/ftplugin.vim
sourcing "/usr/share/nvim/runtime/indent.vim"
finished sourcing /usr/share/nvim/runtime/indent.vim
sourcing "/etc/xdg/nvim/sysinit.vim"
line 1: sourcing "/usr/share/nvim/archlinux.lua"
finished sourcing /usr/share/nvim/archlinux.lua
continuing in /etc/xdg/nvim/sysinit.vim
finished sourcing /etc/xdg/nvim/sysinit.vim
sourcing "/home/idrift/.config/nvim/init.lua"
line 0: sourcing "nvim_exec2() called at /home/idrift/.config/nvim/init.lua:0"
line 1: sourcing "/usr/share/nvim/runtime/filetype.lua"
line 0: sourcing "nvim_exec2() called at /usr/share/nvim/runtime/filetype.lua:0"
not found in runtime path: "ftdetect/*.{vim,lua}"
finished sourcing nvim_exec2() called at /usr/share/nvim/runtime/filetype.lua:0
continuing in /usr/share/nvim/runtime/filetype.lua
finished sourcing /usr/share/nvim/runtime/filetype.lua
continuing in nvim_exec2() called at /home/idrift/.config/nvim/init.lua:0
finished sourcing nvim_exec2() called at /home/idrift/.config/nvim/init.lua:0
continuing in /home/idrift/.config/nvim/init.lua
line 0: sourcing "nvim_exec2() called at /home/idrift/.config/nvim/init.lua:0"
finished sourcing nvim_exec2() called at /home/idrift/.config/nvim/init.lua:0
continuing in /home/idrift/.config/nvim/init.lua
line 0: sourcing "nvim_exec2() called at /home/idrift/.config/nvim/init.lua:0"
finished sourcing nvim_exec2() called at /home/idrift/.config/nvim/init.lua:0
continuing in /home/idrift/.config/nvim/init.lua
line 0: sourcing "nvim_exec2() called at /home/idrift/.config/nvim/init.lua:0"
line 1: sourcing "/usr/share/nvim/runtime/plugin/editorconfig.lua"
finished sourcing /usr/share/nvim/runtime/plugin/editorconfig.lua
continuing in nvim_exec2() called at /home/idrift/.config/nvim/init.lua:0
finished sourcing nvim_exec2() called at /home/idrift/.config/nvim/init.lua:0
continuing in /home/idrift/.config/nvim/init.lua
line 0: sourcing "nvim_exec2() called at /home/idrift/.config/nvim/init.lua:0"
line 1: sourcing "/usr/share/nvim/runtime/plugin/man.lua"
finished sourcing /usr/share/nvim/runtime/plugin/man.lua
continuing in nvim_exec2() called at /home/idrift/.config/nvim/init.lua:0
finished sourcing nvim_exec2() called at /home/idrift/.config/nvim/init.lua:0
continuing in /home/idrift/.config/nvim/init.lua
line 0: sourcing "nvim_exec2() called at /home/idrift/.config/nvim/init.lua:0"
line 1: sourcing "/usr/share/nvim/runtime/plugin/matchparen.vim"
finished sourcing /usr/share/nvim/runtime/plugin/matchparen.vim
continuing in nvim_exec2() called at /home/idrift/.config/nvim/init.lua:0
finished sourcing nvim_exec2() called at /home/idrift/.config/nvim/init.lua:0
continuing in /home/idrift/.config/nvim/init.lua
line 0: sourcing "nvim_exec2() called at /home/idrift/.config/nvim/init.lua:0"
line 1: sourcing "/usr/share/nvim/runtime/plugin/osc52.lua"
finished sourcing /usr/share/nvim/runtime/plugin/osc52.lua
continuing in nvim_exec2() called at /home/idrift/.config/nvim/init.lua:0
finished sourcing nvim_exec2() called at /home/idrift/.config/nvim/init.lua:0
continuing in /home/idrift/.config/nvim/init.lua
line 0: sourcing "nvim_exec2() called at /home/idrift/.config/nvim/init.lua:0"
line 1: sourcing "/usr/share/nvim/runtime/plugin/shada.vim"
finished sourcing /usr/share/nvim/runtime/plugin/shada.vim
continuing in nvim_exec2() called at /home/idrift/.config/nvim/init.lua:0
finished sourcing nvim_exec2() called at /home/idrift/.config/nvim/init.lua:0
continuing in /home/idrift/.config/nvim/init.lua
line 0: sourcing "nvim_exec2() called at /home/idrift/.config/nvim/init.lua:0"
line 1: sourcing "/usr/share/nvim/runtime/plugin/spellfile.vim"
finished sourcing /usr/share/nvim/runtime/plugin/spellfile.vim
continuing in nvim_exec2() called at /home/idrift/.config/nvim/init.lua:0
finished sourcing nvim_exec2() called at /home/idrift/.config/nvim/init.lua:0
continuing in /home/idrift/.config/nvim/init.lua
Executing User Autocommands for "LazyDone"
autocommand <Lua 74: ~/.local/share/nvim/lazy/lazy.nvim/lua/lazy/core/util.lua:183>

finished sourcing /home/idrift/.config/nvim/init.lua
sourcing "/usr/share/nvim/runtime/filetype.lua"
finished sourcing /usr/share/nvim/runtime/filetype.lua
sourcing "/usr/share/nvim/runtime/syntax/syntax.vim"
line 20: sourcing "/usr/share/nvim/runtime/syntax/synload.vim"
finished sourcing /usr/share/nvim/runtime/syntax/synload.vim
continuing in /usr/share/nvim/runtime/syntax/syntax.vim
Executing FileType Autocommands for "*"
autocommand if !exists('b:ts_highlight') | 0verbose exe "set syntax=" . expand("<amatch>") | endif

finished sourcing /usr/share/nvim/runtime/syntax/syntax.vim
Reading ShaDa file "/home/idrift/.local/state/nvim/shada/main.shada" info marks oldfiles
Executing BufWinEnter Autocommands for "*"
autocommand autocmd SafeState * ++once call s:Highlight_Matching_Pair()

Executing BufEnter Autocommands for "*"
autocommand <Lua 123: ~/.config/nvim/lua/plugins/neo-tree.lua:43>

Executing BufEnter Autocommands for "*"
autocommand <Lua 135: ~/.local/share/nvim/lazy/ui/lua/nvchad/tabufline/lazyload.lua:16>

Executing VimEnter Autocommands for "*"
autocommand <Lua 69: vim/_defaults.lua:0>

autocommand <Lua 70: vim/_defaults.lua:0>

Executing UIEnter Autocommands for "*"
autocommand <Lua 72: ~/.local/share/nvim/lazy/lazy.nvim/lua/lazy/core/config.lua:327>

Executing UIEnter Autocommands for "*"
autocommand <Lua 158: /usr/share/nvim/runtime/plugin/osc52.lua:8>

Executing UIEnter Autocommands for "*"
autocommand <Lua 162: ~/.local/share/nvim/lazy/lazy.nvim/lua/lazy/core/util.lua:189>

Executing UIEnter Autocommands for "*"
autocommand <Lua 161: ~/.config/nvim/lua/core/autocmds.lua:6>

sourcing "/usr/share/nvim/runtime/autoload/provider/clipboard.vim"
Executing command: "'/usr/bin/zsh' '-c' 'xsel -o -b'"


finished sourcing /usr/share/nvim/runtime/autoload/provider/clipboard.vim
Executing SafeState Autocommands for "*"
autocommand call s:Highlight_Matching_Pair()

Executing TermResponse Autocommands for "*"
autocommand <Lua 69: /usr/share/nvim/runtime/lua/vim/termcap.lua:36>

Executing User Autocommands for "VeryLazy"
autocommand <Lua 73: ~/.local/share/nvim/lazy/lazy.nvim/lua/lazy/core/config.lua:338>



--- Terminal info --- {{{
&term: xterm-kitty
Description: KovIdTTY
Aliases: xterm-kitty
Boolean capabilities:
  auto_left_margin          bw         = false
  auto_right_margin         am         = true
  no_esc_ctlc               xsb        = false
  ceol_standout_glitch      xhp        = false
  eat_newline_glitch        xenl       = true
  erase_overstrike          eo         = false
  generic_type              gn         = false
  hard_copy                 hc         = false
  has_meta_key              km         = true
  has_status_line           hs         = true
  insert_null_glitch        in         = false
  memory_above              da         = false
  memory_below              db         = false
  move_insert_mode          mir        = true
  move_standout_mode        msgr       = true
  over_strike               os         = false
  status_line_esc_ok        eslok      = false
  dest_tabs_magic_smso      xt         = false
  tilde_glitch              hz         = false
  transparent_underline     ul         = false
  xon_xoff                  xon        = false
  needs_xon_xoff            nxon       = false
  prtr_silent               mc5i       = true
  hard_cursor               chts       = false
  non_rev_rmcup             nrrmc      = false
  no_pad_char               npc        = true
  non_dest_scroll_region    ndscr      = false
  can_change                ccc        = true
  back_color_erase          bce        = false
  hue_lightness_saturation  hls        = false
  col_addr_glitch           xhpa       = false
  cr_cancels_micro_mode     crxm       = false
  has_print_wheel           daisy      = false
  row_addr_glitch           xvpa       = false
  semi_auto_right_margin    sam        = false
  cpi_changes_res           cpix       = false
  lpi_changes_res           lpix       = false
  backspaces_with_bs        OTbs       = false
  crt_no_scrolling          OTns       = false
  no_correctly_working_cr   OTnc       = false
  gnu_has_meta_key          OTMT       = false
  linefeed_is_newline       OTNL       = false
  has_hardware_tabs         OTpt       = false
  return_does_clr_eol       OTxr       = false
Numeric capabilities:
  columns                   cols       = 80
  init_tabs                 it         = 8
  lines                     lines      = 24
  lines_of_memory           lm         = -1
  magic_cookie_glitch       xmc        = -1
  padding_baud_rate         pb         = -1
  virtual_terminal          vt         = -1
  width_status_line         wsl        = -1
  num_labels                nlab       = -1
  label_height              lh         = -1
  label_width               lw         = -1
  max_attributes            ma         = -1
  maximum_windows           wnum       = -1
  max_colors                colors     = 256
  max_pairs                 pairs      = 32767
  no_color_video            ncv        = -1
  buffer_capacity           bufsz      = -1
  dot_vert_spacing          spinv      = -1
  dot_horz_spacing          spinh      = -1
  max_micro_address         maddr      = -1
  max_micro_jump            mjump      = -1
  micro_col_size            mcs        = -1
  micro_line_size           mls        = -1
  number_of_pins            npins      = -1
  output_res_char           orc        = -1
  output_res_line           orl        = -1
  output_res_horz_inch      orhi       = -1
  output_res_vert_inch      orvi       = -1
  print_rate                cps        = -1
  wide_char_size            widcs      = -1
  buttons                   btns       = -1
  bit_image_entwining       bitwin     = -1
  bit_image_type            bitype     = -1
  magic_cookie_glitch_ul    OTug       = -1
  carriage_return_delay     OTdC       = -1
  new_line_delay            OTdN       = -1
  backspace_delay           OTdB       = -1
  horizontal_tab_delay      OTdT       = -1
  number_of_function_keys   OTkn       = -1
String capabilities:
  back_tab                  cbt        = ^[[Z
  bell                      bel        = ^G
  carriage_return           cr         = ^M
  change_scroll_region      csr        = ^[[%i%p1%d;%p2%dr
  clear_all_tabs            tbc        = ^[[3g
  clear_screen              clear      = ^[[H^[[2J
  clr_eol                   el         = ^[[K
  clr_eos                   ed         = ^[[J
  column_address            hpa        = ^[[%i%p1%dG
  cursor_address            cup        = ^[[%i%p1%d;%p2%dH
  cursor_down               cud1       = ^@
  cursor_home               home       = ^[[H
  cursor_invisible          civis      = ^[[?25l
  cursor_left               cub1       = ^H
  cursor_normal             cnorm      = ^[[?12h^[[?25h
  cursor_right              cuf1       = ^[[C
  cursor_up                 cuu1       = ^[[A
  cursor_visible            cvvis      = ^[[?12;25h
  delete_character          dch1       = ^[[P
  delete_line               dl1        = ^[[M
  dis_status_line           dsl        = ^[]2;^[\
  enter_alt_charset_mode    smacs      = ^[(0
  enter_bold_mode           bold       = ^[[1m
  enter_ca_mode             smcup      = ^[[?1049h
  enter_dim_mode            dim        = ^[[2m
  enter_insert_mode         smir       = ^[[4h
  enter_reverse_mode        rev        = ^[[7m
  enter_standout_mode       smso       = ^[[7m
  enter_underline_mode      smul       = ^[[4m
  erase_chars               ech        = ^[[%p1%dX
  exit_alt_charset_mode     rmacs      = ^[(B
  exit_attribute_mode       sgr0       = ^[(B^[[m
  exit_ca_mode              rmcup      = ^[[?1049l
  exit_insert_mode          rmir       = ^[[4l
  exit_standout_mode        rmso       = ^[[27m
  exit_underline_mode       rmul       = ^[[24m
  flash_screen              flash      = ^[[?5h$<100/>^[[?5l
  from_status_line          fsl        = ^G
  insert_line               il1        = ^[[L
  key_backspace             kbs        = ^?
  key_dc                    kdch1      = ^[[3~
  key_down                  kcud1      = ^[OB
  key_f1                    kf1        = ^[OP
  key_f10                   kf10       = ^[[21~
  key_f2                    kf2        = ^[OQ
  key_f3                    kf3        = ^[OR
  key_f4                    kf4        = ^[OS
  key_f5                    kf5        = ^[[15~
  key_f6                    kf6        = ^[[17~
  key_f7                    kf7        = ^[[18~
  key_f8                    kf8        = ^[[19~
  key_f9                    kf9        = ^[[20~
  key_home                  khome      = ^[OH
  key_ic                    kich1      = ^[[2~
  key_left                  kcub1      = ^[OD
  key_npage                 knp        = ^[[6~
  key_ppage                 kpp        = ^[[5~
  key_right                 kcuf1      = ^[OC
  key_sf                    kind       = ^[[1;2B
  key_sr                    kri        = ^[[1;2A
  key_up                    kcuu1      = ^[OA
  keypad_local              rmkx       = ^[[?1l
  keypad_xmit               smkx       = ^[[?1h
  parm_dch                  dch        = ^[[%p1%dP
  parm_delete_line          dl         = ^[[%p1%dM
  parm_down_cursor          cud        = ^[[%p1%dB
  parm_ich                  ich        = ^[[%p1%d@
  parm_index                indn       = ^[[%p1%dS
  parm_insert_line          il         = ^[[%p1%dL
  parm_left_cursor          cub        = ^[[%p1%dD
  parm_right_cursor         cuf        = ^[[%p1%dC
  parm_rindex               rin        = ^[[%p1%dT
  parm_up_cursor            cuu        = ^[[%p1%dA
  repeat_char               rep        = %p1%c^[[%p2%{1}%-%db
  reset_1string             rs1        = ^[]^[\^[c
  restore_cursor            rc         = ^[8
  row_address               vpa        = ^[[%i%p1%dd
  save_cursor               sc         = ^[7
  scroll_forward            ind        = ^@
  scroll_reverse            ri         = ^[M
  set_attributes            sgr        = %?%p9%t^[(0%e^[(B%;^[[0%?%p6%t;1%;%?%p2%t;4%;%?%p1%p3%|%t;7%;%?%p4%t;5%;%?%p7%t;8%;m
  set_tab                   hts        = ^[H
  tab                       ht         = 	
  to_status_line            tsl        = ^[]2;
  key_a1                    ka1        = 
  key_a3                    ka3        = 
  key_c1                    kc1        = 
  key_c3                    kc3        = 
  acs_chars                 acsc       = ++,,--..00``aaffgghhiijjkkllmmnnooppqqrrssttuuvvwwxxyyzz{{||}}~~
  key_btab                  kcbt       = ^[[Z
  enter_am_mode             smam       = ^[[?7h
  exit_am_mode              rmam       = ^[[?7l
  key_beg                   kbeg       = ^[OE
  key_end                   kend       = ^[OF
  key_help                  khlp       = 
  key_undo                  kund       = 
  key_sbeg                  kBEG       = ^[[1;2E
  key_sdc                   kDC        = ^[[3;2~
  key_send                  kEND       = ^[[1;2F
  key_shome                 kHOM       = ^[[1;2H
  key_sic                   kIC        = ^[[2;2~
  key_sleft                 kLFT       = ^[[1;2D
  key_snext                 kNXT       = ^[[6;2~
  key_sprevious             kPRV       = ^[[5;2~
  key_sright                kRIT       = ^[[1;2C
  key_f11                   kf11       = ^[[23~
  key_f12                   kf12       = ^[[24~
  key_f13                   kf13       = ^[[1;2P
  key_f14                   kf14       = ^[[1;2Q
  key_f15                   kf15       = ^[[13;2~
  key_f16                   kf16       = ^[[1;2S
  key_f17                   kf17       = ^[[15;2~
  key_f18                   kf18       = ^[[17;2~
  key_f19                   kf19       = ^[[18;2~
  key_f20                   kf20       = ^[[19;2~
  key_f21                   kf21       = ^[[20;2~
  key_f22                   kf22       = ^[[21;2~
  key_f23                   kf23       = ^[[23;2~
  key_f24                   kf24       = ^[[24;2~
  key_f25                   kf25       = ^[[1;5P
  key_f26                   kf26       = ^[[1;5Q
  key_f27                   kf27       = ^[[13;5~
  key_f28                   kf28       = ^[[1;5S
  key_f29                   kf29       = ^[[15;5~
  key_f30                   kf30       = ^[[17;5~
  key_f31                   kf31       = ^[[18;5~
  key_f32                   kf32       = ^[[19;5~
  key_f33                   kf33       = ^[[20;5~
  key_f34                   kf34       = ^[[21;5~
  key_f35                   kf35       = ^[[23;5~
  key_f36                   kf36       = ^[[24;5~
  key_f37                   kf37       = ^[[1;6P
  key_f38                   kf38       = ^[[1;6Q
  key_f39                   kf39       = ^[[13;6~
  key_f40                   kf40       = ^[[1;6S
  key_f41                   kf41       = ^[[15;6~
  key_f42                   kf42       = ^[[17;6~
  key_f43                   kf43       = ^[[18;6~
  key_f44                   kf44       = ^[[19;6~
  key_f45                   kf45       = ^[[20;6~
  key_f46                   kf46       = ^[[21;6~
  key_f47                   kf47       = ^[[23;6~
  key_f48                   kf48       = ^[[24;6~
  key_f49                   kf49       = ^[[1;3P
  key_f50                   kf50       = ^[[1;3Q
  key_f51                   kf51       = ^[[13;3~
  key_f52                   kf52       = ^[[1;3S
  key_f53                   kf53       = ^[[15;3~
  key_f54                   kf54       = ^[[17;3~
  key_f55                   kf55       = ^[[18;3~
  key_f56                   kf56       = ^[[19;3~
  key_f57                   kf57       = ^[[20;3~
  key_f58                   kf58       = ^[[21;3~
  key_f59                   kf59       = ^[[23;3~
  key_f60                   kf60       = ^[[24;3~
  key_f61                   kf61       = ^[[1;4P
  key_f62                   kf62       = ^[[1;4Q
  key_f63                   kf63       = ^[[13;4~
  clr_bol                   el1        = ^[[1K
  user6                     u6         = ^[[%i%d;%dR
  user7                     u7         = ^[[6n
  user8                     u8         = ^[[?%[;0123456789]c
  user9                     u9         = ^[[c
  orig_pair                 op         = ^[[39;49m
  orig_colors               oc         = ^[]104^G
  initialize_color          initc      = ^[]4;%p1%d;rgb:%p2%{255}%*%{1000}%/%2.2X/%p3%{255}%*%{1000}%/%2.2X/%p4%{255}%*%{1000}%/%2.2X^[\
  enter_italics_mode        sitm       = ^[[3m
  exit_italics_mode         ritm       = ^[[23m
  key_mouse                 kmous      = ^[[M
  set_a_foreground          setaf      = ^[[%?%p1%{8}%<%t3%p1%d%e%p1%{16}%<%t9%p1%{8}%-%d%e38;5;%p1%d%;m
  set_a_background          setab      = ^[[%?%p1%{8}%<%t4%p1%d%e%p1%{16}%<%t10%p1%{8}%-%d%e48;5;%p1%d%;m
  set_tb_margin             smgtb      = ^[[%i%p1%d;%p2%dr
Extended boolean capabilities:
  Su                        = true
  Tc                        = true
  XF                        = true
  fullkbd                   = true
Extended string capabilities:
  BD                        = ^[[?2004l
  BE                        = ^[[?2004h
  Cr                        = ^[]112^G
  Cs                        = ^[]12;%p1%s^G
  Ms                        = ^[]52;%p1%s;%p2%s^[\
  PE                        = ^[[201~
  PS                        = ^[[200~
  RV                        = ^[[>c
  Se                        = ^[[2 q
  Setulc                    = ^[[58:2:%p1%{65536}%/%d:%p1%{256}%/%{255}%&%d:%p1%{255}%&%d%;m
  Smulx                     = ^[[4:%p1%dm
  Ss                        = ^[[%p1%d q
  Sync                      = ^[P=%p1%ds^[\
  XR                        = ^[[>0q
  fd                        = ^[[?1004l
  fe                        = ^[[?1004h
  kBEG3                     = ^[[1;3E
  kBEG4                     = ^[[1;4E
  kBEG5                     = ^[[1;5E
  kBEG6                     = ^[[1;6E
  kBEG7                     = ^[[1;7E
  kDC3                      = ^[[3;3~
  kDC4                      = ^[[3;4~
  kDC5                      = ^[[3;5~
  kDC6                      = ^[[3;6~
  kDC7                      = ^[[3;7~
  kDN                       = ^[[1;2B
  kDN3                      = ^[[1;3B
  kDN4                      = ^[[1;4B
  kDN5                      = ^[[1;5B
  kDN6                      = ^[[1;6B
  kDN7                      = ^[[1;7B
  kEND3                     = ^[[1;3F
  kEND4                     = ^[[1;4F
  kEND5                     = ^[[1;5F
  kEND6                     = ^[[1;6F
  kEND7                     = ^[[1;7F
  kHOM3                     = ^[[1;3H
  kHOM4                     = ^[[1;4H
  kHOM5                     = ^[[1;5H
  kHOM6                     = ^[[1;6H
  kHOM7                     = ^[[1;7H
  kIC3                      = ^[[2;3~
  kIC4                      = ^[[2;4~
  kIC5                      = ^[[2;5~
  kIC6                      = ^[[2;6~
  kIC7                      = ^[[2;7~
  kLFT3                     = ^[[1;3D
  kLFT4                     = ^[[1;4D
  kLFT5                     = ^[[1;5D
  kLFT6                     = ^[[1;6D
  kLFT7                     = ^[[1;7D
  kNXT3                     = ^[[6;3~
  kNXT4                     = ^[[6;4~
  kNXT5                     = ^[[6;5~
  kNXT6                     = ^[[6;6~
  kNXT7                     = ^[[6;7~
  kPRV3                     = ^[[5;3~
  kPRV4                     = ^[[5;4~
  kPRV5                     = ^[[5;5~
  kPRV6                     = ^[[5;6~
  kPRV7                     = ^[[5;7~
  kRIT3                     = ^[[1;3C
  kRIT4                     = ^[[1;4C
  kRIT5                     = ^[[1;5C
  kRIT6                     = ^[[1;6C
  kRIT7                     = ^[[1;7C
  kUP                       = ^[[1;2A
  kUP3                      = ^[[1;3A
  kUP4                      = ^[[1;4A
  kUP5                      = ^[[1;5A
  kUP6                      = ^[[1;6A
  kUP7                      = ^[[1;7A
  kxIN                      = ^[[I
  kxOUT                     = ^[[O
  rmxx                      = ^[[29m
  setrgbb                   = ^[[48:2:%p1%d:%p2%d:%p3%dm
  setrgbf                   = ^[[38:2:%p1%d:%p2%d:%p3%dm
  smxx                      = ^[[9m
  ext.resize_screen         = ^[[8;%p1%d;%p2%dt
  ext.reset_scroll_region   = ^[[r
  ext.enter_altfont_mode    = ^[[11m
  ext.save_title            = ^[[22;0t
  ext.restore_title         = ^[[23;0t
  ext.set_title             = ^[]2;%p2%s^G
  ext.enable_lr_margin      = ^[[?69h
  ext.disable_lr_margin     = ^[[?69l
  ext.enable_bpaste         = ^[[?2004h
  ext.disable_bpaste        = ^[[?2004l
  ext.enable_focus          = ^[[?1004h
  ext.disable_focus         = ^[[?1004l
  ext.enable_mouse          = ^[[?1002h^[[?1006h
  ext.disable_mouse         = ^[[?1002l^[[?1006l
  ext.enable_mouse_move     = ^[[?1003h
  ext.disable_mouse_move    = ^[[?1003l
  ext.set_underline_color   = ^[[58:2::%p1%d:%p2%d:%p3%dm
  Sync                      = ^[[?2026%?%p1%{1}%-%tl%eh%;
}}}

Executing TermResponse Autocommands for "*"
autocommand <Lua 69: /usr/share/nvim/runtime/lua/vim/termcap.lua:36>


sourcing "nvim_exec2()"
finished sourcing nvim_exec2()
sourcing "nvim_exec2()"
finished sourcing nvim_exec2()
sourcing "nvim_exec2()"
line 1: sourcing "/home/idrift/.local/share/nvim/lazy/neo-tree.nvim/plugin/neo-tree.lua"
finished sourcing /home/idrift/.local/share/nvim/lazy/neo-tree.nvim/plugin/neo-tree.lua
continuing in nvim_exec2()
finished sourcing nvim_exec2()
sourcing "nvim_exec2()"
finished sourcing nvim_exec2()
sourcing "nvim_exec2()"
finished sourcing nvim_exec2()
sourcing "nvim_exec2()"
line 1: sourcing "/home/idrift/.local/share/nvim/lazy/plenary.nvim/plugin/plenary.vim"
finished sourcing /home/idrift/.local/share/nvim/lazy/plenary.nvim/plugin/plenary.vim
continuing in nvim_exec2()
finished sourcing nvim_exec2()
sourcing "nvim_exec2()"
finished sourcing nvim_exec2()
sourcing "nvim_exec2()"
finished sourcing nvim_exec2()
sourcing "nvim_exec2()"
finished sourcing nvim_exec2()
sourcing "nvim_exec2()"
finished sourcing nvim_exec2()
sourcing "nvim_exec2()"
finished sourcing nvim_exec2()
sourcing "nvim_exec2()"
finished sourcing nvim_exec2()
sourcing "nvim_exec2()"
finished sourcing nvim_exec2()
sourcing "nvim_exec2()"
finished sourcing nvim_exec2()
sourcing "nvim_exec2()"
finished sourcing nvim_exec2()
sourcing "nvim_exec2()"
finished sourcing nvim_exec2()
sourcing "nvim_exec2()"
finished sourcing nvim_exec2()
sourcing "nvim_exec2()"
finished sourcing nvim_exec2()
sourcing "nvim_exec2()"
finished sourcing nvim_exec2()
sourcing "nvim_exec2()"
finished sourcing nvim_exec2()
sourcing "nvim_exec2()"
finished sourcing nvim_exec2()
sourcing "nvim_exec2()"
finished sourcing nvim_exec2()
sourcing "nvim_exec2()"
finished sourcing nvim_exec2()
sourcing "nvim_exec2()"
finished sourcing nvim_exec2()
sourcing "nvim_exec2()"
finished sourcing nvim_exec2()
sourcing "nvim_exec2()"
finished sourcing nvim_exec2()
sourcing "nvim_exec2()"
finished sourcing nvim_exec2()
sourcing "nvim_exec2()"
finished sourcing nvim_exec2()
sourcing "nvim_exec2()"
finished sourcing nvim_exec2()
sourcing "nvim_exec2()"
finished sourcing nvim_exec2()
sourcing "nvim_exec2()"
finished sourcing nvim_exec2()
sourcing "nvim_exec2()"
finished sourcing nvim_exec2()
sourcing "nvim_exec2()"
finished sourcing nvim_exec2()
sourcing "nvim_exec2()"
finished sourcing nvim_exec2()
sourcing "nvim_exec2()"
finished sourcing nvim_exec2()
sourcing "nvim_exec2()"
finished sourcing nvim_exec2()
sourcing "nvim_exec2()"
finished sourcing nvim_exec2()
sourcing "nvim_exec2()"
finished sourcing nvim_exec2()
sourcing "nvim_exec2()"
finished sourcing nvim_exec2()
sourcing "nvim_exec2()"
finished sourcing nvim_exec2()
sourcing "nvim_exec2()"
finished sourcing nvim_exec2()
sourcing "nvim_exec2()"
finished sourcing nvim_exec2()
sourcing "nvim_exec2()"
finished sourcing nvim_exec2()
sourcing "nvim_exec2()"
finished sourcing nvim_exec2()
sourcing "nvim_exec2()"
finished sourcing nvim_exec2()
sourcing "nvim_exec2()"
finished sourcing nvim_exec2()
sourcing "nvim_exec2()"
finished sourcing nvim_exec2()
sourcing "nvim_exec2()"
finished sourcing nvim_exec2()
sourcing "nvim_exec2()"
finished sourcing nvim_exec2()
sourcing "nvim_exec2()"
finished sourcing nvim_exec2()
sourcing "nvim_exec2()"
finished sourcing nvim_exec2()
sourcing "nvim_exec2()"
finished sourcing nvim_exec2()
sourcing "nvim_exec2()"
finished sourcing nvim_exec2()
sourcing "nvim_exec2()"
finished sourcing nvim_exec2()
sourcing "nvim_exec2()"
finished sourcing nvim_exec2()
sourcing "nvim_exec2()"
finished sourcing nvim_exec2()
sourcing "nvim_exec2()"
Error detected while processing nvim_exec2():
line    1:
E216: No such group or event: FileExplorer *
finished sourcing nvim_exec2()
Executing BufNew Autocommands for "*"
autocommand <Lua 138: ~/.local/share/nvim/lazy/ui/lua/nvchad/tabufline/lazyload.lua:66>

Executing FileType Autocommands for "*"
autocommand call s:LoadFTPlugin()

not found in runtime path: "ftplugin/neo-tree[.]{vim,lua} ftplugin/neo-tree_*.{vim,lua} ftplugin/neo-tree/*.{vim,lua}"
Executing FileType Autocommands for "*"
autocommand call s:LoadIndent()

not found in runtime path: "indent/neo-tree[.]{vim,lua}"
Executing FileType Autocommands for "*"
autocommand if !exists('b:ts_highlight') | 0verbose exe "set syntax=" . expand("<amatch>") | endif

Executing WinLeave Autocommands for "*"
autocommand call s:Remove_Matches()

Executing WinEnter Autocommands for "*"
autocommand call s:Highlight_Matching_Pair()

Executing WinEnter Autocommands for "*"
autocommand <Lua 191: ~/.local/share/nvim/lazy/neo-tree.nvim/plugin/neo-tree.lua:43>

Executing WinEnter Autocommands for "*"
autocommand <Lua 204: ~/.local/share/nvim/lazy/neo-tree.nvim/lua/neo-tree/events/init.lua:82>

Executing BufLeave Autocommands for "*"
autocommand call s:Remove_Matches()

Executing BufEnter Autocommands for "*"
autocommand <Lua 135: ~/.local/share/nvim/lazy/ui/lua/nvchad/tabufline/lazyload.lua:16>

autocommand <Lua 182: ~/.local/share/nvim/lazy/ui/lua/nvchad/colorify/init.lua:19>

Executing BufEnter Autocommands for "*"
autocommand <Lua 190: ~/.local/share/nvim/lazy/neo-tree.nvim/plugin/neo-tree.lua:34>

Executing BufEnter Autocommands for "*"
autocommand <Lua 194: ~/.local/share/nvim/lazy/neo-tree.nvim/lua/neo-tree/events/init.lua:82>

line 0: sourcing "nvim_exec2() called at BufEnter Autocommands for "*":0"
finished sourcing nvim_exec2() called at BufEnter Autocommands for "*":0
continuing in BufEnter Autocommands for "*"
line 0: sourcing "nvim_exec2() called at BufEnter Autocommands for "*":0"
finished sourcing nvim_exec2() called at BufEnter Autocommands for "*":0
continuing in BufEnter Autocommands for "*"
Executing BufWinEnter Autocommands for "*"
autocommand autocmd SafeState * ++once call s:Highlight_Matching_Pair()

Executing BufWinEnter Autocommands for "*"
autocommand <Lua 195: ~/.local/share/nvim/lazy/neo-tree.nvim/lua/neo-tree/events/init.lua:82>

line 0: sourcing "nvim_exec2() called at BufWinEnter Autocommands for "*":0"
finished sourcing nvim_exec2() called at BufWinEnter Autocommands for "*":0
continuing in BufWinEnter Autocommands for "*"
line 0: sourcing "nvim_exec2() called at BufWinEnter Autocommands for "*":0"
finished sourcing nvim_exec2() called at BufWinEnter Autocommands for "*":0
continuing in BufWinEnter Autocommands for "*"
Executing BufWinEnter Autocommands for "<buffer=2>"
autocommand <Lua 208: ~/.local/share/nvim/lazy/nui.nvim/lua/nui/split/init.lua:235>

Executing BufLeave Autocommands for "*"
autocommand call s:Remove_Matches()

Executing WinLeave Autocommands for "*"
autocommand call s:Remove_Matches()

Executing WinEnter Autocommands for "*"
autocommand call s:Highlight_Matching_Pair()

Executing WinEnter Autocommands for "*"
autocommand <Lua 191: ~/.local/share/nvim/lazy/neo-tree.nvim/plugin/neo-tree.lua:43>

Executing WinEnter Autocommands for "*"
autocommand <Lua 204: ~/.local/share/nvim/lazy/neo-tree.nvim/lua/neo-tree/events/init.lua:82>

Executing BufEnter Autocommands for "*"
autocommand <Lua 135: ~/.local/share/nvim/lazy/ui/lua/nvchad/tabufline/lazyload.lua:16>

autocommand <Lua 182: ~/.local/share/nvim/lazy/ui/lua/nvchad/colorify/init.lua:19>

Executing BufEnter Autocommands for "*"
autocommand <Lua 194: ~/.local/share/nvim/lazy/neo-tree.nvim/lua/neo-tree/events/init.lua:82>

line 0: sourcing "nvim_exec2() called at BufEnter Autocommands for "*":0"
finished sourcing nvim_exec2() called at BufEnter Autocommands for "*":0
continuing in BufEnter Autocommands for "*"
line 0: sourcing "nvim_exec2() called at BufEnter Autocommands for "*":0"
finished sourcing nvim_exec2() called at BufEnter Autocommands for "*":0
continuing in BufEnter Autocommands for "*"
Executing BufFilePost Autocommands for "*"
autocommand <Lua 154: /usr/share/nvim/runtime/plugin/editorconfig.lua:4>

Executing CursorMoved Autocommands for "*"
autocommand call s:Highlight_Matching_Pair()

Executing CursorMoved Autocommands for "<buffer=2>"
autocommand <Lua 211: ~/.local/share/nvim/lazy/neo-tree.nvim/lua/neo-tree/ui/renderer.lua:1106>

Executing WinScrolled Autocommands for "*"
autocommand call s:Highlight_Matching_Pair()

Executing WinScrolled Autocommands for "*"
autocommand <Lua 181: ~/.local/share/nvim/lazy/ui/lua/nvchad/colorify/init.lua:19>

Executing SafeState Autocommands for "*"
autocommand call s:Highlight_Matching_Pair()

sourcing "nvim_exec2()"
line 1: sourcing "/home/idrift/.local/share/nvim/lazy/nvim-web-devicons/plugin/nvim-web-devicons.vim"
finished sourcing /home/idrift/.local/share/nvim/lazy/nvim-web-devicons/plugin/nvim-web-devicons.vim
continuing in nvim_exec2()
finished sourcing nvim_exec2()
sourcing "nvim_exec2()"
finished sourcing nvim_exec2()
sourcing "nvim_exec2()"
finished sourcing nvim_exec2()
Executing CursorMoved Autocommands for "*"
autocommand call s:Highlight_Matching_Pair()

Executing CursorMoved Autocommands for "<buffer=2>"
autocommand <Lua 211: ~/.local/share/nvim/lazy/neo-tree.nvim/lua/neo-tree/ui/renderer.lua:1106>

Executing TextChanged Autocommands for "*"
autocommand call s:Highlight_Matching_Pair()

Executing TextChanged Autocommands for "*"
autocommand <Lua 176: ~/.local/share/nvim/lazy/ui/lua/nvchad/colorify/init.lua:19>

Executing BufModifiedSet Autocommands for "*"
autocommand <Lua 72: ~/.local/share/nvim/lazy/neo-tree.nvim/lua/neo-tree/events/init.lua:82>

Executing CursorMoved Autocommands for "*"
autocommand call s:Highlight_Matching_Pair()

Executing CursorMoved Autocommands for "<buffer=2>"
autocommand <Lua 211: ~/.local/share/nvim/lazy/neo-tree.nvim/lua/neo-tree/ui/renderer.lua:1106>

Executing TextChanged Autocommands for "*"
autocommand call s:Highlight_Matching_Pair()

Executing TextChanged Autocommands for "*"
autocommand <Lua 176: ~/.local/share/nvim/lazy/ui/lua/nvchad/colorify/init.lua:19>

Executing CursorMoved Autocommands for "*"
autocommand call s:Highlight_Matching_Pair()

Executing CursorMoved Autocommands for "<buffer=2>"
autocommand <Lua 211: ~/.local/share/nvim/lazy/neo-tree.nvim/lua/neo-tree/ui/renderer.lua:1106>

Executing TextChanged Autocommands for "*"
autocommand call s:Highlight_Matching_Pair()

Executing TextChanged Autocommands for "*"
autocommand <Lua 176: ~/.local/share/nvim/lazy/ui/lua/nvchad/colorify/init.lua:19>

Executing CursorMoved Autocommands for "*"
autocommand call s:Highlight_Matching_Pair()

Executing CursorMoved Autocommands for "<buffer=2>"
autocommand <Lua 211: ~/.local/share/nvim/lazy/neo-tree.nvim/lua/neo-tree/ui/renderer.lua:1106>

sourcing "nvim_exec2()"
finished sourcing nvim_exec2()
Executing BufLeave Autocommands for "*"
autocommand call s:Remove_Matches()

Executing WinLeave Autocommands for "*"
autocommand call s:Remove_Matches()

Executing WinEnter Autocommands for "*"
autocommand call s:Highlight_Matching_Pair()

Executing WinEnter Autocommands for "*"
autocommand <Lua 191: ~/.local/share/nvim/lazy/neo-tree.nvim/plugin/neo-tree.lua:43>

Executing WinEnter Autocommands for "*"
autocommand <Lua 204: ~/.local/share/nvim/lazy/neo-tree.nvim/lua/neo-tree/events/init.lua:82>

Executing BufEnter Autocommands for "*"
autocommand <Lua 135: ~/.local/share/nvim/lazy/ui/lua/nvchad/tabufline/lazyload.lua:16>

autocommand <Lua 182: ~/.local/share/nvim/lazy/ui/lua/nvchad/colorify/init.lua:19>

Executing BufEnter Autocommands for "*"
autocommand <Lua 194: ~/.local/share/nvim/lazy/neo-tree.nvim/lua/neo-tree/events/init.lua:82>

sourcing "nvim_exec2()"
Executing BufDelete Autocommands for "*"
autocommand <Lua 137: ~/.local/share/nvim/lazy/ui/lua/nvchad/tabufline/lazyload.lua:46>

Executing BufDelete Autocommands for "*"
autocommand <Lua 198: ~/.local/share/nvim/lazy/neo-tree.nvim/lua/neo-tree/events/init.lua:82>

Executing BufNew Autocommands for "*"
autocommand <Lua 138: ~/.local/share/nvim/lazy/ui/lua/nvchad/tabufline/lazyload.lua:66>

Executing BufAdd Autocommands for "*"
autocommand <Lua 134: ~/.local/share/nvim/lazy/ui/lua/nvchad/tabufline/lazyload.lua:16>

Executing BufAdd Autocommands for "*"
autocommand <Lua 197: ~/.local/share/nvim/lazy/neo-tree.nvim/lua/neo-tree/events/init.lua:82>

Executing SwapExists Autocommands for "*"
autocommand <Lua 67: vim/_defaults.lua:0>

Found a swap file by the name "~/.local/state/nvim/swap/%home%idrift%.config%nvim%init.lua.swp"
          owned by: idrift   dated: Fri Sep 12 22:58:27 2025
         file name: ~idrift/.config/nvim/init.lua
          modified: YES
         user name: idrift   host name: whoami
        process ID: 66857
While opening file "/home/idrift/.config/nvim/init.lua"
             dated: Sat Sep 13 07:03:36 2025
      NEWER than swap file!

(1) Another program may be editing the same file.  If this is the case,
    be careful not to end up with two different instances of the same
    file when making changes.  Quit, or continue with caution.
(2) An edit session for this file crashed.
    If this is the case, use ":recover" or "nvim -r /home/idrift/.config/nvim/init.lua"
    to recover the changes (see ":help recovery").
    If you did this already, delete the swap file "/home/idrift/.local/state/nvim/swap/%home%idrift%.config%nvim%init.lua.swp"
    to avoid this message.
Swap file "~/.local/state/nvim/swap/%home%idrift%.config%nvim%init.lua.swp" already exists!

Reading ShaDa file "/home/idrift/.local/state/nvim/shada/main.shada" marks
Reading undo file: /home/idrift/.local/state/nvim/undo/%home%idrift%.config%nvim%init.lua
Executing BufReadPost Autocommands for "*"
autocommand <Lua 97: ~/.local/share/nvim/lazy/lazy.nvim/lua/lazy/core/handler/event.lua:72>

line 0: sourcing "nvim_exec2() called at BufReadPost Autocommands for "*":0"
line 1: sourcing "/home/idrift/.local/share/nvim/lazy/nvim-treesitter-textobjects/plugin/nvim-treesitter-textobjects.vim"
finished sourcing /home/idrift/.local/share/nvim/lazy/nvim-treesitter-textobjects/plugin/nvim-treesitter-textobjects.vim
continuing in nvim_exec2() called at BufReadPost Autocommands for "*":0
finished sourcing nvim_exec2() called at BufReadPost Autocommands for "*":0
continuing in BufReadPost Autocommands for "*"
line 0: sourcing "nvim_exec2() called at BufReadPost Autocommands for "*":0"
finished sourcing nvim_exec2() called at BufReadPost Autocommands for "*":0
continuing in BufReadPost Autocommands for "*"
line 0: sourcing "nvim_exec2() called at BufReadPost Autocommands for "*":0"
finished sourcing nvim_exec2() called at BufReadPost Autocommands for "*":0
continuing in BufReadPost Autocommands for "*"
line 0: sourcing "nvim_exec2() called at BufReadPost Autocommands for "*":0"
line 1: sourcing "/home/idrift/.local/share/nvim/lazy/nvim-treesitter/plugin/nvim-treesitter.lua"
finished sourcing /home/idrift/.local/share/nvim/lazy/nvim-treesitter/plugin/nvim-treesitter.lua
continuing in nvim_exec2() called at BufReadPost Autocommands for "*":0
finished sourcing nvim_exec2() called at BufReadPost Autocommands for "*":0
continuing in BufReadPost Autocommands for "*"
line 0: sourcing "nvim_exec2() called at BufReadPost Autocommands for "*":0"
finished sourcing nvim_exec2() called at BufReadPost Autocommands for "*":0
continuing in BufReadPost Autocommands for "*"
line 0: sourcing "nvim_exec2() called at BufReadPost Autocommands for "*":0"
finished sourcing nvim_exec2() called at BufReadPost Autocommands for "*":0
continuing in BufReadPost Autocommands for "*"
Executing BufReadPost Autocommands for "*"
autocommand <Lua 120: /usr/share/nvim/runtime/filetype.lua:10>

Executing FileType Autocommands for "*"
autocommand call s:LoadFTPlugin()

line 20: sourcing "/usr/share/nvim/runtime/ftplugin/lua.vim"
finished sourcing /usr/share/nvim/runtime/ftplugin/lua.vim
continuing in <SNR>2_LoadFTPlugin
line 20: sourcing "/usr/share/nvim/runtime/ftplugin/lua.lua"
Executing Syntax Autocommands for "*"
autocommand call s:SynSet()

finished sourcing /usr/share/nvim/runtime/ftplugin/lua.lua
continuing in <SNR>2_LoadFTPlugin
Executing FileType Autocommands for "*"
autocommand call s:LoadIndent()

line 15: sourcing "/usr/share/nvim/runtime/indent/lua.vim"
finished sourcing /usr/share/nvim/runtime/indent/lua.vim
continuing in <SNR>3_LoadIndent
Executing FileType Autocommands for "*"
autocommand if !exists('b:ts_highlight') | 0verbose exe "set syntax=" . expand("<amatch>") | endif

autocommand if !did_filetype() && expand('<amatch>') !~ g:ft_ignore_pat | runtime! scripts.vim | endif

Executing BufReadPost Autocommands for "*"
autocommand <Lua 140: ~/.local/share/nvim/lazy/ui/lua/nvchad/tabufline/lazyload.lua:66>

Executing BufReadPost Autocommands for "*"
autocommand <Lua 153: /usr/share/nvim/runtime/plugin/editorconfig.lua:4>

Executing BufReadPost Autocommands for "*"
autocommand <Lua 163: ~/.config/nvim/lua/core/autocmds.lua:6>

Executing User Autocommands for "FilePost"
autocommand <Lua 89: ~/.local/share/nvim/lazy/lazy.nvim/lua/lazy/core/handler/event.lua:72>

line 0: sourcing "nvim_exec2() called at User Autocommands for "FilePost":0"
finished sourcing nvim_exec2() called at User Autocommands for "FilePost":0
continuing in User Autocommands for "FilePost"
line 0: sourcing "nvim_exec2() called at User Autocommands for "FilePost":0"
finished sourcing nvim_exec2() called at User Autocommands for "FilePost":0
continuing in User Autocommands for "FilePost"
line 0: sourcing "nvim_exec2() called at User Autocommands for "FilePost":0"
line 1: sourcing "/home/idrift/.local/share/nvim/lazy/indent-blankline.nvim/after/plugin/commands.lua"
finished sourcing /home/idrift/.local/share/nvim/lazy/indent-blankline.nvim/after/plugin/commands.lua
continuing in nvim_exec2() called at User Autocommands for "FilePost":0
finished sourcing nvim_exec2() called at User Autocommands for "FilePost":0
continuing in User Autocommands for "FilePost"
line 0: sourcing "nvim_exec2() called at User Autocommands for "FilePost":0"
line 1: sourcing "/home/idrift/.local/share/nvim/lazy/gitsigns.nvim/plugin/gitsigns.lua"
finished sourcing /home/idrift/.local/share/nvim/lazy/gitsigns.nvim/plugin/gitsigns.lua
continuing in nvim_exec2() called at User Autocommands for "FilePost":0
finished sourcing nvim_exec2() called at User Autocommands for "FilePost":0
continuing in User Autocommands for "FilePost"
line 0: sourcing "nvim_exec2() called at User Autocommands for "FilePost":0"
finished sourcing nvim_exec2() called at User Autocommands for "FilePost":0
continuing in User Autocommands for "FilePost"
line 0: sourcing "nvim_exec2() called at User Autocommands for "FilePost":0"
finished sourcing nvim_exec2() called at User Autocommands for "FilePost":0
continuing in User Autocommands for "FilePost"
line 0: sourcing "nvim_exec2() called at User Autocommands for "FilePost":0"
line 1: sourcing "/home/idrift/.local/share/nvim/lazy/nvim-lspconfig/plugin/lspconfig.lua"
finished sourcing /home/idrift/.local/share/nvim/lazy/nvim-lspconfig/plugin/lspconfig.lua
continuing in nvim_exec2() called at User Autocommands for "FilePost":0
finished sourcing nvim_exec2() called at User Autocommands for "FilePost":0
continuing in User Autocommands for "FilePost"
line 0: sourcing "nvim_exec2() called at User Autocommands for "FilePost":0"
finished sourcing nvim_exec2() called at User Autocommands for "FilePost":0
continuing in User Autocommands for "FilePost"
line 0: sourcing "nvim_exec2() called at User Autocommands for "FilePost":0"
finished sourcing nvim_exec2() called at User Autocommands for "FilePost":0
continuing in User Autocommands for "FilePost"
Executing BufEnter Autocommands for "*"
autocommand <Lua 135: ~/.local/share/nvim/lazy/ui/lua/nvchad/tabufline/lazyload.lua:16>

autocommand <Lua 182: ~/.local/share/nvim/lazy/ui/lua/nvchad/colorify/init.lua:19>

Executing BufEnter Autocommands for "*"
autocommand <Lua 194: ~/.local/share/nvim/lazy/neo-tree.nvim/lua/neo-tree/events/init.lua:82>

Executing BufEnter Autocommands for "*"
autocommand <Lua 365: ~/.local/share/nvim/lazy/gitsigns.nvim/lua/gitsigns/manager.lua:505>

Executing BufWinEnter Autocommands for "*"
autocommand autocmd SafeState * ++once call s:Highlight_Matching_Pair()

Executing BufWinEnter Autocommands for "*"
autocommand <Lua 195: ~/.local/share/nvim/lazy/neo-tree.nvim/lua/neo-tree/events/init.lua:82>

Executing BufWinEnter Autocommands for "*"
autocommand <Lua 294: ~/.local/share/nvim/lazy/indent-blankline.nvim/lua/ibl/autocmds.lua:26>

finished sourcing nvim_exec2()
Executing CursorMoved Autocommands for "*"
autocommand call s:Highlight_Matching_Pair()

Executing CursorMoved Autocommands for "*"
autocommand <Lua 285: ~/.local/share/nvim/lazy/indent-blankline.nvim/lua/ibl/autocmds.lua:26>

Executing SafeState Autocommands for "*"
autocommand call s:Highlight_Matching_Pair()

Failed to run `config` for nvim-treesitter

...local/share/nvim/lazy/lazy.nvim/lua/lazy/core/plugin.lua:455: module 'nvchad.configs.treesitter' not found:
	no field package.preload['nvchad.configs.treesitter']
	cache_loader: module 'nvchad.configs.treesitter' not found
	cache_loader_lib: module 'nvchad.configs.treesitter' not found
	no file './nvchad/configs/treesitter.lua'
	no file '/usr/share/luajit-2.1/nvchad/configs/treesitter.lua'
	no file '/usr/local/share/lua/5.1/nvchad/configs/treesitter.lua'
	no file '/usr/local/share/lua/5.1/nvchad/configs/treesitter/init.lua'
	no file '/usr/share/lua/5.1/nvchad/configs/treesitter.lua'
	no file '/usr/share/lua/5.1/nvchad/configs/treesitter/init.lua'
	no file './nvchad/configs/treesitter.so'
	no file '/usr/local/lib/lua/5.1/nvchad/configs/treesitter.so'
	no file '/usr/lib/lua/5.1/nvchad/configs/treesitter.so'
	no file '/usr/local/lib/lua/5.1/loadall.so'
	no file './nvchad.so'
	no file '/usr/local/lib/lua/5.1/nvchad.so'
	no file '/usr/lib/lua/5.1/nvchad.so'
	no file '/usr/local/lib/lua/5.1/loadall.so'

# stacktrace:
  - vim/_editor.lua:0
  - /neo-tree.nvim/lua/neo-tree/utils/init.lua:821 _in_ **open_file**
  - /neo-tree.nvim/lua/neo-tree/sources/common/commands.lua:807 _in_ **open**
  - /neo-tree.nvim/lua/neo-tree/sources/common/commands.lua:829 _in_ **open_with_cmd**
  - /neo-tree.nvim/lua/neo-tree/sources/common/commands.lua:837 _in_ **open**
  - /neo-tree.nvim/lua/neo-tree/sources/filesystem/commands.lua:206
Failed to run `config` for gitsigns.nvim

...local/share/nvim/lazy/lazy.nvim/lua/lazy/core/plugin.lua:455: module 'nvchad.configs.gitsigns' not found:
	no field package.preload['nvchad.configs.gitsigns']
	cache_loader: module 'nvchad.configs.gitsigns' not found
	cache_loader_lib: module 'nvchad.configs.gitsigns' not found
	no file './nvchad/configs/gitsigns.lua'
	no file '/usr/share/luajit-2.1/nvchad/configs/gitsigns.lua'
	no file '/usr/local/share/lua/5.1/nvchad/configs/gitsigns.lua'
	no file '/usr/local/share/lua/5.1/nvchad/configs/gitsigns/init.lua'
	no file '/usr/share/lua/5.1/nvchad/configs/gitsigns.lua'
	no file '/usr/share/lua/5.1/nvchad/configs/gitsigns/init.lua'
	no file './nvchad/configs/gitsigns.so'
	no file '/usr/local/lib/lua/5.1/nvchad/configs/gitsigns.so'
	no file '/usr/lib/lua/5.1/nvchad/configs/gitsigns.so'
	no file '/usr/local/lib/lua/5.1/loadall.so'
	no file './nvchad.so'
	no file '/usr/local/lib/lua/5.1/nvchad.so'
	no file '/usr/lib/lua/5.1/nvchad.so'
	no file '/usr/local/lib/lua/5.1/loadall.so'

# stacktrace:
  - lua/core/autocmds.lua:15
  - vim/_editor.lua:0
  - /neo-tree.nvim/lua/neo-tree/utils/init.lua:821 _in_ **open_file**
  - /neo-tree.nvim/lua/neo-tree/sources/common/commands.lua:807 _in_ **open**
  - /neo-tree.nvim/lua/neo-tree/sources/common/commands.lua:829 _in_ **open_with_cmd**
  - /neo-tree.nvim/lua/neo-tree/sources/common/commands.lua:837 _in_ **open**
  - /neo-tree.nvim/lua/neo-tree/sources/filesystem/commands.lua:206
Failed to run `config` for nvim-lspconfig

/home/idrift/.config/nvim/lua/plugins/init.lua:89: module 'nvchad.configs.lspconfig' not found:
	no field package.preload['nvchad.configs.lspconfig']
	cache_loader: module 'nvchad.configs.lspconfig' not found
	cache_loader_lib: module 'nvchad.configs.lspconfig' not found
	no file './nvchad/configs/lspconfig.lua'
	no file '/usr/share/luajit-2.1/nvchad/configs/lspconfig.lua'
	no file '/usr/local/share/lua/5.1/nvchad/configs/lspconfig.lua'
	no file '/usr/local/share/lua/5.1/nvchad/configs/lspconfig/init.lua'
	no file '/usr/share/lua/5.1/nvchad/configs/lspconfig.lua'
	no file '/usr/share/lua/5.1/nvchad/configs/lspconfig/init.lua'
	no file './nvchad/configs/lspconfig.so'
	no file '/usr/local/lib/lua/5.1/nvchad/configs/lspconfig.so'
	no file '/usr/lib/lua/5.1/nvchad/configs/lspconfig.so'
	no file '/usr/local/lib/lua/5.1/loadall.so'
	no file './nvchad.so'
	no file '/usr/local/lib/lua/5.1/nvchad.so'
	no file '/usr/lib/lua/5.1/nvchad.so'
	no file '/usr/local/lib/lua/5.1/loadall.so'

# stacktrace:
  - lua/plugins/init.lua:89 _in_ **config**
  - lua/core/autocmds.lua:15
  - vim/_editor.lua:0
  - /neo-tree.nvim/lua/neo-tree/utils/init.lua:821 _in_ **open_file**
  - /neo-tree.nvim/lua/neo-tree/sources/common/commands.lua:807 _in_ **open**
  - /neo-tree.nvim/lua/neo-tree/sources/common/commands.lua:829 _in_ **open_with_cmd**
  - /neo-tree.nvim/lua/neo-tree/sources/common/commands.lua:837 _in_ **open**
  - /neo-tree.nvim/lua/neo-tree/sources/filesystem/commands.lua:206
Executing FileType Autocommands for "*"
autocommand call s:LoadFTPlugin()

Executing FileType Autocommands for "*"
autocommand if !exists('b:ts_highlight') | 0verbose exe "set syntax=" . expand("<amatch>") | endif

line 20: sourcing "/usr/share/nvim/runtime/ftplugin/lua.vim"
finished sourcing /usr/share/nvim/runtime/ftplugin/lua.vim
continuing in <SNR>2_LoadFTPlugin
line 20: sourcing "/usr/share/nvim/runtime/ftplugin/lua.lua"
Executing Syntax Autocommands for "*"
autocommand call s:SynSet()

finished sourcing /usr/share/nvim/runtime/ftplugin/lua.lua
continuing in <SNR>2_LoadFTPlugin
Executing FileType Autocommands for "*"
autocommand call s:LoadIndent()

line 15: sourcing "/usr/share/nvim/runtime/indent/lua.vim"
finished sourcing /usr/share/nvim/runtime/indent/lua.vim
continuing in <SNR>3_LoadIndent
Executing FileType Autocommands for "*"
autocommand if !exists('b:ts_highlight') | 0verbose exe "set syntax=" . expand("<amatch>") | endif

Executing FileType Autocommands for "*"
autocommand <Lua 335: ~/.local/share/nvim/lazy/indent-blankline.nvim/lua/ibl/autocmds.lua:26>

[Neo-tree ERROR] Error opening file: vim/_editor.lua:0: nvim_exec2(), line 1: Vim(edit):E325: ATTENTION

Executing BufWritePre Autocommands for "<buffer=1>"
autocommand <Lua 466: ~/.local/share/nvim/lazy/gitsigns.nvim/lua/gitsigns/attach.lua:385>

"~/.config/nvim/init.lua" 
"~/.config/nvim/init.lua" 11L, 259B written
Skipping undo file write, nothing to undo
Executing BufWritePost Autocommands for "*"
autocommand <Lua 160: ~/.local/share/nvim/lazy/neo-tree.nvim/lua/neo-tree/events/init.lua:82>

Executing BufWritePost Autocommands for "*"
autocommand <Lua 356: ~/.local/share/nvim/lazy/gitsigns.nvim/lua/gitsigns.lua:170>

"~/.config/nvim/init.lua" 11L, 259B written
Executing BufLeave Autocommands for "*"
autocommand call s:Remove_Matches()

Executing WinLeave Autocommands for "*"
autocommand call s:Remove_Matches()

Executing WinEnter Autocommands for "*"
autocommand call s:Highlight_Matching_Pair()

Executing WinEnter Autocommands for "*"
autocommand <Lua 191: ~/.local/share/nvim/lazy/neo-tree.nvim/plugin/neo-tree.lua:43>

Executing WinEnter Autocommands for "*"
autocommand <Lua 204: ~/.local/share/nvim/lazy/neo-tree.nvim/lua/neo-tree/events/init.lua:82>

Executing BufEnter Autocommands for "*"
autocommand <Lua 135: ~/.local/share/nvim/lazy/ui/lua/nvchad/tabufline/lazyload.lua:16>

autocommand <Lua 182: ~/.local/share/nvim/lazy/ui/lua/nvchad/colorify/init.lua:19>

Executing BufEnter Autocommands for "*"
autocommand <Lua 194: ~/.local/share/nvim/lazy/neo-tree.nvim/lua/neo-tree/events/init.lua:82>

line 0: sourcing "nvim_exec2() called at BufEnter Autocommands for "*":0"
finished sourcing nvim_exec2() called at BufEnter Autocommands for "*":0
continuing in BufEnter Autocommands for "*"
line 0: sourcing "nvim_exec2() called at BufEnter Autocommands for "*":0"
finished sourcing nvim_exec2() called at BufEnter Autocommands for "*":0
continuing in BufEnter Autocommands for "*"
Executing BufEnter Autocommands for "*"
autocommand <Lua 365: ~/.local/share/nvim/lazy/gitsigns.nvim/lua/gitsigns/manager.lua:505>

Executing CursorMoved Autocommands for "*"
autocommand call s:Highlight_Matching_Pair()

Executing CursorMoved Autocommands for "<buffer=2>"
autocommand <Lua 211: ~/.local/share/nvim/lazy/neo-tree.nvim/lua/neo-tree/ui/renderer.lua:1106>

Executing CursorMoved Autocommands for "*"
autocommand <Lua 285: ~/.local/share/nvim/lazy/indent-blankline.nvim/lua/ibl/autocmds.lua:26>

Executing TextChanged Autocommands for "*"
autocommand call s:Highlight_Matching_Pair()

Executing TextChanged Autocommands for "*"
autocommand <Lua 176: ~/.local/share/nvim/lazy/ui/lua/nvchad/colorify/init.lua:19>

Executing TextChanged Autocommands for "*"
autocommand <Lua 298: ~/.local/share/nvim/lazy/indent-blankline.nvim/lua/ibl/autocmds.lua:26>

Executing CursorMoved Autocommands for "*"
autocommand call s:Highlight_Matching_Pair()

Executing CursorMoved Autocommands for "<buffer=2>"
autocommand <Lua 211: ~/.local/share/nvim/lazy/neo-tree.nvim/lua/neo-tree/ui/renderer.lua:1106>

Executing CursorMoved Autocommands for "*"
autocommand <Lua 285: ~/.local/share/nvim/lazy/indent-blankline.nvim/lua/ibl/autocmds.lua:26>

Executing TextChanged Autocommands for "*"
autocommand call s:Highlight_Matching_Pair()

Executing TextChanged Autocommands for "*"
autocommand <Lua 176: ~/.local/share/nvim/lazy/ui/lua/nvchad/colorify/init.lua:19>

Executing TextChanged Autocommands for "*"
autocommand <Lua 298: ~/.local/share/nvim/lazy/indent-blankline.nvim/lua/ibl/autocmds.lua:26>

Executing CursorMoved Autocommands for "*"
autocommand call s:Highlight_Matching_Pair()

Executing CursorMoved Autocommands for "<buffer=2>"
autocommand <Lua 211: ~/.local/share/nvim/lazy/neo-tree.nvim/lua/neo-tree/ui/renderer.lua:1106>

Executing CursorMoved Autocommands for "*"
autocommand <Lua 285: ~/.local/share/nvim/lazy/indent-blankline.nvim/lua/ibl/autocmds.lua:26>

Executing TextChanged Autocommands for "*"
autocommand call s:Highlight_Matching_Pair()

Executing TextChanged Autocommands for "*"
autocommand <Lua 176: ~/.local/share/nvim/lazy/ui/lua/nvchad/colorify/init.lua:19>

Executing TextChanged Autocommands for "*"
autocommand <Lua 298: ~/.local/share/nvim/lazy/indent-blankline.nvim/lua/ibl/autocmds.lua:26>

Executing CursorMoved Autocommands for "*"
autocommand call s:Highlight_Matching_Pair()

Executing CursorMoved Autocommands for "<buffer=2>"
autocommand <Lua 211: ~/.local/share/nvim/lazy/neo-tree.nvim/lua/neo-tree/ui/renderer.lua:1106>

Executing CursorMoved Autocommands for "*"
autocommand <Lua 285: ~/.local/share/nvim/lazy/indent-blankline.nvim/lua/ibl/autocmds.lua:26>

Executing CursorMoved Autocommands for "*"
autocommand call s:Highlight_Matching_Pair()

Executing CursorMoved Autocommands for "<buffer=2>"
autocommand <Lua 211: ~/.local/share/nvim/lazy/neo-tree.nvim/lua/neo-tree/ui/renderer.lua:1106>

Executing CursorMoved Autocommands for "*"
autocommand <Lua 285: ~/.local/share/nvim/lazy/indent-blankline.nvim/lua/ibl/autocmds.lua:26>

Executing TextChanged Autocommands for "*"
autocommand call s:Highlight_Matching_Pair()

Executing TextChanged Autocommands for "*"
autocommand <Lua 176: ~/.local/share/nvim/lazy/ui/lua/nvchad/colorify/init.lua:19>

Executing TextChanged Autocommands for "*"
autocommand <Lua 298: ~/.local/share/nvim/lazy/indent-blankline.nvim/lua/ibl/autocmds.lua:26>

Executing CursorMoved Autocommands for "*"
autocommand call s:Highlight_Matching_Pair()

Executing CursorMoved Autocommands for "<buffer=2>"
autocommand <Lua 211: ~/.local/share/nvim/lazy/neo-tree.nvim/lua/neo-tree/ui/renderer.lua:1106>

Executing CursorMoved Autocommands for "*"
autocommand <Lua 285: ~/.local/share/nvim/lazy/indent-blankline.nvim/lua/ibl/autocmds.lua:26>

Executing BufLeave Autocommands for "*"
autocommand call s:Remove_Matches()

Executing WinLeave Autocommands for "*"
autocommand call s:Remove_Matches()

Executing WinEnter Autocommands for "*"
autocommand call s:Highlight_Matching_Pair()

Executing WinEnter Autocommands for "*"
autocommand <Lua 191: ~/.local/share/nvim/lazy/neo-tree.nvim/plugin/neo-tree.lua:43>

Executing WinEnter Autocommands for "*"
autocommand <Lua 204: ~/.local/share/nvim/lazy/neo-tree.nvim/lua/neo-tree/events/init.lua:82>

Executing BufEnter Autocommands for "*"
autocommand <Lua 135: ~/.local/share/nvim/lazy/ui/lua/nvchad/tabufline/lazyload.lua:16>

autocommand <Lua 182: ~/.local/share/nvim/lazy/ui/lua/nvchad/colorify/init.lua:19>

Executing BufEnter Autocommands for "*"
autocommand <Lua 194: ~/.local/share/nvim/lazy/neo-tree.nvim/lua/neo-tree/events/init.lua:82>

Executing BufEnter Autocommands for "*"
autocommand <Lua 365: ~/.local/share/nvim/lazy/gitsigns.nvim/lua/gitsigns/manager.lua:505>

sourcing "nvim_exec2()"
Executing BufNew Autocommands for "*"
autocommand <Lua 138: ~/.local/share/nvim/lazy/ui/lua/nvchad/tabufline/lazyload.lua:66>

Executing BufAdd Autocommands for "*"
autocommand <Lua 134: ~/.local/share/nvim/lazy/ui/lua/nvchad/tabufline/lazyload.lua:16>

Executing BufAdd Autocommands for "*"
autocommand <Lua 197: ~/.local/share/nvim/lazy/neo-tree.nvim/lua/neo-tree/events/init.lua:82>

Executing BufLeave Autocommands for "*"
autocommand call s:Remove_Matches()

Reading ShaDa file "/home/idrift/.local/state/nvim/shada/main.shada" marks
Executing BufReadPost Autocommands for "*"
autocommand <Lua 120: /usr/share/nvim/runtime/filetype.lua:10>

Executing FileType Autocommands for "*"
autocommand call s:LoadFTPlugin()

line 20: sourcing "/usr/share/nvim/runtime/ftplugin/lua.vim"
finished sourcing /usr/share/nvim/runtime/ftplugin/lua.vim
continuing in <SNR>2_LoadFTPlugin
line 20: sourcing "/usr/share/nvim/runtime/ftplugin/lua.lua"
Executing Syntax Autocommands for "*"
autocommand call s:SynSet()

finished sourcing /usr/share/nvim/runtime/ftplugin/lua.lua
continuing in <SNR>2_LoadFTPlugin
Executing FileType Autocommands for "*"
autocommand call s:LoadIndent()

line 15: sourcing "/usr/share/nvim/runtime/indent/lua.vim"
finished sourcing /usr/share/nvim/runtime/indent/lua.vim
continuing in <SNR>3_LoadIndent
Executing FileType Autocommands for "*"
autocommand if !exists('b:ts_highlight') | 0verbose exe "set syntax=" . expand("<amatch>") | endif

Executing FileType Autocommands for "*"
autocommand <Lua 335: ~/.local/share/nvim/lazy/indent-blankline.nvim/lua/ibl/autocmds.lua:26>

autocommand if !did_filetype() && expand('<amatch>') !~ g:ft_ignore_pat | runtime! scripts.vim | endif

Executing BufReadPost Autocommands for "*"
autocommand <Lua 153: /usr/share/nvim/runtime/plugin/editorconfig.lua:4>

Executing BufReadPost Autocommands for "*"
autocommand <Lua 354: ~/.local/share/nvim/lazy/gitsigns.nvim/lua/gitsigns.lua:170>

Executing BufEnter Autocommands for "*"
autocommand <Lua 135: ~/.local/share/nvim/lazy/ui/lua/nvchad/tabufline/lazyload.lua:16>

autocommand <Lua 182: ~/.local/share/nvim/lazy/ui/lua/nvchad/colorify/init.lua:19>

Executing BufEnter Autocommands for "*"
autocommand <Lua 194: ~/.local/share/nvim/lazy/neo-tree.nvim/lua/neo-tree/events/init.lua:82>

Executing BufEnter Autocommands for "*"
autocommand <Lua 365: ~/.local/share/nvim/lazy/gitsigns.nvim/lua/gitsigns/manager.lua:505>

Executing BufWinEnter Autocommands for "*"
autocommand autocmd SafeState * ++once call s:Highlight_Matching_Pair()

Executing BufWinEnter Autocommands for "*"
autocommand <Lua 195: ~/.local/share/nvim/lazy/neo-tree.nvim/lua/neo-tree/events/init.lua:82>

Executing BufWinEnter Autocommands for "*"
autocommand <Lua 294: ~/.local/share/nvim/lazy/indent-blankline.nvim/lua/ibl/autocmds.lua:26>

finished sourcing nvim_exec2()
Executing CursorMoved Autocommands for "*"
autocommand call s:Highlight_Matching_Pair()

Executing CursorMoved Autocommands for "*"
autocommand <Lua 285: ~/.local/share/nvim/lazy/indent-blankline.nvim/lua/ibl/autocmds.lua:26>

Executing WinScrolled Autocommands for "*"
autocommand call s:Highlight_Matching_Pair()

Executing WinScrolled Autocommands for "*"
autocommand <Lua 181: ~/.local/share/nvim/lazy/ui/lua/nvchad/colorify/init.lua:19>

Executing WinScrolled Autocommands for "*"
autocommand <Lua 346: ~/.local/share/nvim/lazy/indent-blankline.nvim/lua/ibl/autocmds.lua:40>

Executing SafeState Autocommands for "*"
autocommand call s:Highlight_Matching_Pair()

sourcing "nvim_exec2()"
finished sourcing nvim_exec2()
sourcing "nvim_exec2()"
finished sourcing nvim_exec2()
sourcing "nvim_exec2()"
finished sourcing nvim_exec2()
sourcing "nvim_exec2()"
finished sourcing nvim_exec2()
sourcing "nvim_exec2()"
finished sourcing nvim_exec2()
sourcing "nvim_exec2()"
finished sourcing nvim_exec2()
sourcing "nvim_exec2()"
finished sourcing nvim_exec2()
not found in runtime path: "parser/comment.*"
not found in runtime path: "queries/luadoc/injections.scm"
Executing CursorMoved Autocommands for "*"
autocommand call s:Highlight_Matching_Pair()

Executing CursorMoved Autocommands for "*"
autocommand <Lua 285: ~/.local/share/nvim/lazy/indent-blankline.nvim/lua/ibl/autocmds.lua:26>


Executing BufWritePre Autocommands for "<buffer=3>"
autocommand <Lua 534: ~/.local/share/nvim/lazy/gitsigns.nvim/lua/gitsigns/attach.lua:385>

"~/.config/nvim/lua/chadrc.lua" 
"~/.config/nvim/lua/chadrc.lua" 24L, 484B written
Skipping undo file write, nothing to undo
Executing BufWritePost Autocommands for "/home/idrift/.config/nvim/lua/chadrc.lua"
autocommand <Lua 123: ~/.local/share/nvim/lazy/ui/lua/nvchad/au.lua:41>

line 0: sourcing "nvim_exec2() called at BufWritePost Autocommands for "/home/idrift/.config/nvim/lua/chadrc.lua":0"
finished sourcing nvim_exec2() called at BufWritePost Autocommands for "/home/idrift/.config/nvim/lua/chadrc.lua":0
continuing in BufWritePost Autocommands for "/home/idrift/.config/nvim/lua/chadrc.lua"
line 0: sourcing "nvim_exec2() called at BufWritePost Autocommands for "/home/idrift/.config/nvim/lua/chadrc.lua":0"
finished sourcing nvim_exec2() called at BufWritePost Autocommands for "/home/idrift/.config/nvim/lua/chadrc.lua":0
continuing in BufWritePost Autocommands for "/home/idrift/.config/nvim/lua/chadrc.lua"
Executing BufWritePost Autocommands for "*"
autocommand <Lua 160: ~/.local/share/nvim/lazy/neo-tree.nvim/lua/neo-tree/events/init.lua:82>

Executing BufWritePost Autocommands for "*"
autocommand <Lua 356: ~/.local/share/nvim/lazy/gitsigns.nvim/lua/gitsigns.lua:170>

sourcing "nvim_exec2()"
finished sourcing nvim_exec2()
sourcing "nvim_exec2()"
finished sourcing nvim_exec2()
sourcing "nvim_exec2()"
finished sourcing nvim_exec2()
sourcing "nvim_exec2()"
finished sourcing nvim_exec2()
sourcing "nvim_exec2()"
finished sourcing nvim_exec2()
sourcing "nvim_exec2()"
finished sourcing nvim_exec2()
sourcing "nvim_exec2()"
finished sourcing nvim_exec2()
"~/.config/nvim/lua/chadrc.lua" 24L, 484B written

Executing BufLeave Autocommands for "*"
autocommand call s:Remove_Matches()

Executing WinLeave Autocommands for "*"
autocommand call s:Remove_Matches()

Executing WinClosed Autocommands for "*"
autocommand <Lua 193: ~/.local/share/nvim/lazy/neo-tree.nvim/plugin/neo-tree.lua:91>

Executing WinClosed Autocommands for "*"
autocommand <Lua 206: ~/.local/share/nvim/lazy/neo-tree.nvim/lua/neo-tree/events/init.lua:82>

Executing WinEnter Autocommands for "*"
autocommand call s:Highlight_Matching_Pair()

Executing WinEnter Autocommands for "*"
autocommand <Lua 191: ~/.local/share/nvim/lazy/neo-tree.nvim/plugin/neo-tree.lua:43>

Executing WinEnter Autocommands for "*"
autocommand <Lua 204: ~/.local/share/nvim/lazy/neo-tree.nvim/lua/neo-tree/events/init.lua:82>

Executing BufEnter Autocommands for "*"
autocommand <Lua 135: ~/.local/share/nvim/lazy/ui/lua/nvchad/tabufline/lazyload.lua:16>

autocommand <Lua 182: ~/.local/share/nvim/lazy/ui/lua/nvchad/colorify/init.lua:19>

Executing BufEnter Autocommands for "*"
autocommand <Lua 194: ~/.local/share/nvim/lazy/neo-tree.nvim/lua/neo-tree/events/init.lua:82>

line 0: sourcing "nvim_exec2() called at BufEnter Autocommands for "*":0"
finished sourcing nvim_exec2() called at BufEnter Autocommands for "*":0
continuing in BufEnter Autocommands for "*"
line 0: sourcing "nvim_exec2() called at BufEnter Autocommands for "*":0"
finished sourcing nvim_exec2() called at BufEnter Autocommands for "*":0
continuing in BufEnter Autocommands for "*"
Executing BufEnter Autocommands for "*"
autocommand <Lua 365: ~/.local/share/nvim/lazy/gitsigns.nvim/lua/gitsigns/manager.lua:505>

Executing BufEnter Autocommands for "*"
autocommand <Lua 380: ~/.local/share/nvim/lazy/ui/lua/nvchad/tabufline/lazyload.lua:16>

autocommand <Lua 548: ~/.local/share/nvim/lazy/ui/lua/nvchad/colorify/init.lua:19>

Executing CursorMoved Autocommands for "*"
autocommand call s:Highlight_Matching_Pair()

Executing CursorMoved Autocommands for "<buffer=2>"
autocommand <Lua 211: ~/.local/share/nvim/lazy/neo-tree.nvim/lua/neo-tree/ui/renderer.lua:1106>

Executing CursorMoved Autocommands for "*"
autocommand <Lua 190: ~/.local/share/nvim/lazy/indent-blankline.nvim/lua/ibl/autocmds.lua:26>

Executing TextChanged Autocommands for "*"
autocommand call s:Highlight_Matching_Pair()

Executing TextChanged Autocommands for "*"
autocommand <Lua 176: ~/.local/share/nvim/lazy/ui/lua/nvchad/colorify/init.lua:19>

Executing TextChanged Autocommands for "*"
autocommand <Lua 302: ~/.local/share/nvim/lazy/indent-blankline.nvim/lua/ibl/autocmds.lua:26>

Executing TextChanged Autocommands for "*"
autocommand <Lua 175: ~/.local/share/nvim/lazy/ui/lua/nvchad/colorify/init.lua:19>

Executing WinScrolled Autocommands for "*"
autocommand call s:Highlight_Matching_Pair()

Executing WinScrolled Autocommands for "*"
autocommand <Lua 181: ~/.local/share/nvim/lazy/ui/lua/nvchad/colorify/init.lua:19>

Executing WinScrolled Autocommands for "*"
autocommand <Lua 294: ~/.local/share/nvim/lazy/indent-blankline.nvim/lua/ibl/autocmds.lua:40>

Executing WinScrolled Autocommands for "*"
autocommand <Lua 517: ~/.local/share/nvim/lazy/ui/lua/nvchad/colorify/init.lua:19>

Executing CursorMoved Autocommands for "*"
autocommand call s:Highlight_Matching_Pair()

Executing CursorMoved Autocommands for "<buffer=2>"
autocommand <Lua 211: ~/.local/share/nvim/lazy/neo-tree.nvim/lua/neo-tree/ui/renderer.lua:1106>

Executing CursorMoved Autocommands for "*"
autocommand <Lua 190: ~/.local/share/nvim/lazy/indent-blankline.nvim/lua/ibl/autocmds.lua:26>

Executing TextChanged Autocommands for "*"
autocommand call s:Highlight_Matching_Pair()

Executing TextChanged Autocommands for "*"
autocommand <Lua 176: ~/.local/share/nvim/lazy/ui/lua/nvchad/colorify/init.lua:19>

Executing TextChanged Autocommands for "*"
autocommand <Lua 302: ~/.local/share/nvim/lazy/indent-blankline.nvim/lua/ibl/autocmds.lua:26>

Executing TextChanged Autocommands for "*"
autocommand <Lua 175: ~/.local/share/nvim/lazy/ui/lua/nvchad/colorify/init.lua:19>

Executing CursorMoved Autocommands for "*"
autocommand call s:Highlight_Matching_Pair()

Executing CursorMoved Autocommands for "<buffer=2>"
autocommand <Lua 211: ~/.local/share/nvim/lazy/neo-tree.nvim/lua/neo-tree/ui/renderer.lua:1106>

Executing CursorMoved Autocommands for "*"
autocommand <Lua 190: ~/.local/share/nvim/lazy/indent-blankline.nvim/lua/ibl/autocmds.lua:26>

Executing TextChanged Autocommands for "*"
autocommand call s:Highlight_Matching_Pair()

Executing TextChanged Autocommands for "*"
autocommand <Lua 176: ~/.local/share/nvim/lazy/ui/lua/nvchad/colorify/init.lua:19>

Executing TextChanged Autocommands for "*"
autocommand <Lua 302: ~/.local/share/nvim/lazy/indent-blankline.nvim/lua/ibl/autocmds.lua:26>

Executing TextChanged Autocommands for "*"
autocommand <Lua 175: ~/.local/share/nvim/lazy/ui/lua/nvchad/colorify/init.lua:19>

Executing CursorMoved Autocommands for "*"
autocommand call s:Highlight_Matching_Pair()

Executing CursorMoved Autocommands for "<buffer=2>"
autocommand <Lua 211: ~/.local/share/nvim/lazy/neo-tree.nvim/lua/neo-tree/ui/renderer.lua:1106>

Executing CursorMoved Autocommands for "*"
autocommand <Lua 190: ~/.local/share/nvim/lazy/indent-blankline.nvim/lua/ibl/autocmds.lua:26>

Executing TextChanged Autocommands for "*"
autocommand call s:Highlight_Matching_Pair()

Executing TextChanged Autocommands for "*"
autocommand <Lua 176: ~/.local/share/nvim/lazy/ui/lua/nvchad/colorify/init.lua:19>

Executing TextChanged Autocommands for "*"
autocommand <Lua 302: ~/.local/share/nvim/lazy/indent-blankline.nvim/lua/ibl/autocmds.lua:26>

Executing TextChanged Autocommands for "*"
autocommand <Lua 175: ~/.local/share/nvim/lazy/ui/lua/nvchad/colorify/init.lua:19>


Executing QuitPre Autocommands for "<buffer=2>"
autocommand <Lua 207: ~/.local/share/nvim/lazy/nui.nvim/lua/nui/split/init.lua:224>

Executing BufWinLeave Autocommands for "neo-tree *"
autocommand <Lua 196: ~/.local/share/nvim/lazy/neo-tree.nvim/lua/neo-tree/setup/init.lua:464>

Executing VimLeavePre Autocommands for "*"
autocommand <Lua 73: ~/.local/share/nvim/lazy/neo-tree.nvim/lua/neo-tree/events/init.lua:82>

Executing VimLeavePre Autocommands for "*"
autocommand <Lua 299: /usr/share/nvim/runtime/lua/vim/lsp.lua:1190>

Executing VimLeavePre Autocommands for "*"
autocommand <Lua 367: ~/.local/share/nvim/lazy/gitsigns.nvim/lua/gitsigns/attach.lua:401>

Writing ShaDa file "/home/idrift/.local/state/nvim/shada/main.shada"
Executing UILeave Autocommands for "*"
autocommand <Lua 159: /usr/share/nvim/runtime/plugin/osc52.lua:55>
